1615539188126	geckodriver	INFO	Listening on 127.0.0.1:51459
1615539191831	mozrunner::runner	INFO	Running command: "C:\\Program Files\\Mozilla Firefox\\firefox.exe" "--marionette" "-foreground" "-no-remote" "-profile" "C:\\Users\\ONURFU~1\\AppData\\Local\\Temp\\rust_mozprofilehLWz9F"
JavaScript error: resource://gre/modules/XULStore.jsm, line 66: Error: Can't find profile directory.
console.warn: SearchSettings: "get: No settings file exists, new profile?" (new Error("", "(unknown module)"))
1615539195894	Marionette	INFO	Listening on port 51467
1615539195984	Marionette	WARN	TLS certificate errors will be ignored for this session
JavaScript warning: https://web.whatsapp.com/bootstrap_qr.8c6bd07fd55e4b8fbdb7.js, line 1: unreachable code after return statement
JavaScript warning: https://web.whatsapp.com/bootstrap_qr.8c6bd07fd55e4b8fbdb7.js, line 1: unreachable code after return statement
1615539225814	Marionette	INFO	Stopped listening on port 51467

###!!! [Child][RunMessage] Error: Channel closing: too late to send/recv, messages will be lost

1615539240793	geckodriver	INFO	Listening on 127.0.0.1:51527
1615539243820	mozrunner::runner	INFO	Running command: "C:\\Program Files\\Mozilla Firefox\\firefox.exe" "--marionette" "-foreground" "-no-remote" "-profile" "C:\\Users\\ONURFU~1\\AppData\\Local\\Temp\\rust_mozprofile5jUxZC"
JavaScript error: resource://gre/modules/XULStore.jsm, line 66: Error: Can't find profile directory.
console.warn: SearchSettings: "get: No settings file exists, new profile?" (new Error("", "(unknown module)"))
1615539246758	Marionette	INFO	Listening on port 51535
1615539246959	Marionette	WARN	TLS certificate errors will be ignored for this session
JavaScript warning: https://web.whatsapp.com/bootstrap_qr.8c6bd07fd55e4b8fbdb7.js, line 1: unreachable code after return statement
JavaScript warning: https://web.whatsapp.com/bootstrap_qr.8c6bd07fd55e4b8fbdb7.js, line 1: unreachable code after return statement
1615539279089	Marionette	INFO	Stopped listening on port 51535

###!!! [Child][RunMessage] Error: Channel closing: too late to send/recv, messages will be lost

1615539323639	geckodriver	INFO	Listening on 127.0.0.1:51596
1615539326676	mozrunner::runner	INFO	Running command: "C:\\Program Files\\Mozilla Firefox\\firefox.exe" "--marionette" "-foreground" "-no-remote" "-profile" "C:\\Users\\ONURFU~1\\AppData\\Local\\Temp\\rust_mozprofileTz6wsF"
JavaScript error: resource://gre/modules/XULStore.jsm, line 66: Error: Can't find profile directory.
console.warn: SearchSettings: "get: No settings file exists, new profile?" (new Error("", "(unknown module)"))
1615539329869	Marionette	INFO	Listening on port 51604
1615539330310	Marionette	WARN	TLS certificate errors will be ignored for this session
JavaScript warning: https://web.whatsapp.com/bootstrap_qr.8c6bd07fd55e4b8fbdb7.js, line 1: unreachable code after return statement
JavaScript warning: https://web.whatsapp.com/bootstrap_qr.8c6bd07fd55e4b8fbdb7.js, line 1: unreachable code after return statement

###!!! [Parent][MessageChannel] Error: (msgtype=0x690008,name=PMessagePort::Msg___delete__) Channel closing: too late to send/recv, messages will be lost


###!!! [Parent][RunMessage] Error: Channel closing: too late to send/recv, messages will be lost

1615539372068	Marionette	INFO	Stopped listening on port 51604
1615540108769	geckodriver	INFO	Listening on 127.0.0.1:51902
1615540111794	mozrunner::runner	INFO	Running command: "C:\\Program Files\\Mozilla Firefox\\firefox.exe" "--marionette" "-foreground" "-no-remote" "-profile" "C:\\Users\\ONURFU~1\\AppData\\Local\\Temp\\rust_mozprofileGBZQZ2"
JavaScript error: resource://gre/modules/XULStore.jsm, line 66: Error: Can't find profile directory.
console.warn: SearchSettings: "get: No settings file exists, new profile?" (new Error("", "(unknown module)"))
1615540114917	Marionette	INFO	Listening on port 51910
1615540115430	Marionette	WARN	TLS certificate errors will be ignored for this session
JavaScript warning: https://web.whatsapp.com/bootstrap_qr.8c6bd07fd55e4b8fbdb7.js, line 1: unreachable code after return statement
JavaScript warning: https://web.whatsapp.com/bootstrap_qr.8c6bd07fd55e4b8fbdb7.js, line 1: unreachable code after return statement

###!!! [Parent][RunMessage] Error: Channel closing: too late to send/recv, messages will be lost

JavaScript warning: https://web.whatsapp.com/bootstrap_qr.8c6bd07fd55e4b8fbdb7.js, line 1: unreachable code after return statement
JavaScript warning: https://web.whatsapp.com/bootstrap_qr.8c6bd07fd55e4b8fbdb7.js, line 1: unreachable code after return statement
JavaScript warning: https://web.whatsapp.com/bootstrap_qr.8c6bd07fd55e4b8fbdb7.js, line 1: unreachable code after return statement
JavaScript warning: https://web.whatsapp.com/bootstrap_qr.8c6bd07fd55e4b8fbdb7.js, line 1: unreachable code after return statement
1615540179424	Marionette	INFO	Stopped listening on port 51910

###!!! [Child][RunMessage] Error: Channel closing: too late to send/recv, messages will be lost

1615540284698	geckodriver	INFO	Listening on 127.0.0.1:52008
1615540287725	mozrunner::runner	INFO	Running command: "C:\\Program Files\\Mozilla Firefox\\firefox.exe" "--marionette" "-foreground" "-no-remote" "-profile" "C:\\Users\\ONURFU~1\\AppData\\Local\\Temp\\rust_mozprofilepZ09D7"
JavaScript error: resource://gre/modules/XULStore.jsm, line 66: Error: Can't find profile directory.
console.warn: SearchSettings: "get: No settings file exists, new profile?" (new Error("", "(unknown module)"))
1615540291176	Marionette	INFO	Listening on port 52016
1615540291352	Marionette	WARN	TLS certificate errors will be ignored for this session
JavaScript warning: https://web.whatsapp.com/bootstrap_qr.8c6bd07fd55e4b8fbdb7.js, line 1: unreachable code after return statement
JavaScript warning: https://web.whatsapp.com/bootstrap_qr.8c6bd07fd55e4b8fbdb7.js, line 1: unreachable code after return statement
JavaScript warning: https://web.whatsapp.com/bootstrap_qr.8c6bd07fd55e4b8fbdb7.js, line 1: unreachable code after return statement
JavaScript warning: https://web.whatsapp.com/bootstrap_qr.8c6bd07fd55e4b8fbdb7.js, line 1: unreachable code after return statement
1615540398195	Marionette	INFO	Stopped listening on port 52016

###!!! [Child][RunMessage] Error: Channel closing: too late to send/recv, messages will be lost

1615547198189	geckodriver	INFO	Listening on 127.0.0.1:52321
1615547201274	mozrunner::runner	INFO	Running command: "C:\\Program Files\\Mozilla Firefox\\firefox.exe" "--marionette" "-foreground" "-no-remote" "-profile" "C:\\Users\\ONURFU~1\\AppData\\Local\\Temp\\rust_mozprofiled9SIvu"
JavaScript error: resource://gre/modules/XULStore.jsm, line 66: Error: Can't find profile directory.
console.warn: SearchSettings: "get: No settings file exists, new profile?" (new Error("", "(unknown module)"))
1615547207451	Marionette	INFO	Listening on port 52329
1615547207582	Marionette	WARN	TLS certificate errors will be ignored for this session
JavaScript warning: https://web.whatsapp.com/bootstrap_qr.8c6bd07fd55e4b8fbdb7.js, line 1: unreachable code after return statement
JavaScript warning: https://web.whatsapp.com/bootstrap_qr.8c6bd07fd55e4b8fbdb7.js, line 1: unreachable code after return statement
JavaScript warning: https://web.whatsapp.com/bootstrap_qr.8c6bd07fd55e4b8fbdb7.js, line 1: unreachable code after return statement
JavaScript warning: https://web.whatsapp.com/bootstrap_qr.8c6bd07fd55e4b8fbdb7.js, line 1: unreachable code after return statement
1615547584201	Marionette	INFO	Stopped listening on port 52329

###!!! [Child][RunMessage] Error: Channel closing: too late to send/recv, messages will be lost

"--marionette" "-foreground" "-no-remote" "-profile" "C:\\Users\\ONURFU~1\\AppData\\Local\\Temp\\rust_mozprofilehhFyMx"
JavaScript error: resource://gre/modules/XULStore.jsm, line 66: Error: Can't find profile directory.
console.warn: SearchSettings: "get: No settings file exists, new profile?" (new Error("", "(unknown module)"))
1615547511367	Marionette	INFO	Listening on port 52397
1615547511794	Marionette	WARN	TLS certificate errors will be ignored for this session
JavaScript warning: https://web.whatsapp.com/bootstrap_qr.8c6bd07fd55e4b8fbdb7.js, line 1: unreachable code after return statement
JavaScript warning: https://web.whatsapp.com/bootstrap_qr.8c6bd07fd55e4b8fbdb7.js, line 1: unreachable code after return statement
JavaScript warning: https://web.whatsapp.com/bootstrap_qr.8c6bd07fd55e4b8fbdb7.js, line 1: unreachable code after return statement
JavaScript warning: https://web.whatsapp.com/bootstrap_qr.8c6bd07fd55e4b8fbdb7.js, line 1: unreachable code after return statement
JavaScript warning: https://web.whatsapp.com/bootstrap_qr.8c6bd07fd55e4b8fbdb7.js, line 1: unreachable code after return statement
JavaScript warning: https://web.whatsapp.com/bootstrap_qr.8c6bd07fd55e4b8fbdb7.js, line 1: unreachable code after return statement
[Parent 16912, IPC I/O Parent] WARNING: pipe error: 232: file /builds/worker/checkouts/gecko/ipc/chromium/src/chrome/common/ipc_channel_win.cc:545
1615547578305	Marionette	INFO	Stopped listening on port 52397

###!!! [Child][RunMessage] Error: Channel closing: too late to send/recv, messages will be lost

